2019-2-5 keff index.js - DEBUG - debug {
  "id": "0000"
}
2019-2-5 keff index.js - INFO - info 
2019-2-5 keff index.js - ERROR - some <%rerror> 
2019-2-5 keff index.js - CRITICAL - critical 
2019-2-5 keff index.js - DEBUG - debug {
  "id": "0000"
}
2019-2-5 keff index.js - INFO - info 
2019-2-5 keff index.js - ERROR - some <%rerror> 
2019-2-5 keff index.js - CRITICAL - critical 
2019-2-5 keff index.js - DEBUG - debug {
  "id": "0000"
}
2019-2-5 keff index.js - INFO - info 
2019-2-5 keff index.js - ERROR - some <%rerror> 
2019-2-5 keff index.js - CRITICAL - critical 
2019-2-5 keff index.js - DEBUG - debug {
  "id": "0000"
}
2019-2-5 keff index.js - INFO - info 
2019-2-5 keff index.js - ERROR - some <%rerror> 
2019-2-5 keff index.js - CRITICAL - critical 
2019-2-5 keff index.js - DEBUG - debug {
  "id": "0000"
}
2019-2-5 keff index.js - INFO - info 
2019-2-5 keff index.js - ERROR - some <%rerror> 
2019-2-5 keff index.js - CRITICAL - critical 
2019-2-5 keff index.js - DEBUG - debug {
  "id": "0000"
}
2019-2-5 keff index.js - INFO - info 
2019-2-5 keff index.js - ERROR - some <%rerror> 
2019-2-5 keff index.js - CRITICAL - critical 
2019-2-5 keff index.js - DEBUG - debug {
  "id": "0000"
}
2019-2-5 keff index.js - INFO - info 
2019-2-5 keff index.js - ERROR - some <%rerror> 
2019-2-5 keff index.js - CRITICAL - critical 
2019-2-5 keff index.js - DEBUG - debug {
  "id": "0000"
}
2019-2-5 keff index.js - INFO - info 
2019-2-5 keff index.js - ERROR - some <%rerror> 
2019-2-5 keff index.js - CRITICAL - critical 
2019-2-5 keff index.js - DEBUG - debug {
  "id": "0000"
}
2019-2-5 keff index.js - INFO - info 
2019-2-5 keff index.js - ERROR - some <%rerror> 
2019-2-5 keff index.js - CRITICAL - critical 
2019-2-5 keff index.js - DEBUG - debug {
  "id": "0000"
}
2019-2-5 keff index.js - INFO - info 
2019-2-5 keff index.js - ERROR - some <%rerror> 
2019-2-5 keff index.js - CRITICAL - critical 
[2019-2-5] - DEBUG - debug {
  "id": "0000"
}
[2019-2-5] - INFO - info 
[2019-2-5] - ERROR - some <%rerror> 
[2019-2-5] - CRITICAL - critical 
2019-2-5 keff index.js - DEBUG - debug {
  "id": "0000"
}
2019-2-5 keff index.js - INFO - info 
2019-2-5 keff index.js - ERROR - some <%rerror> 
2019-2-5 keff index.js - CRITICAL - critical 
2019-2-5 keff index.js - DEBUG - debug {
  "id": "0000"
}
2019-2-5 keff index.js - INFO - info 
2019-2-5 keff index.js - ERROR - some <%rerror> 
2019-2-5 keff index.js - CRITICAL - critical 
[2019-2-5] - DEBUG - debug {
  "id": "0000"
}
[2019-2-5] - INFO - info 
[2019-2-5] - ERROR - some <%rerror> 
[2019-2-5] - CRITICAL - critical 
2019-2-5 keff index.js - DEBUG - debug {
  "id": "0000"
}
2019-2-5 keff index.js - INFO - info 
2019-2-5 keff index.js - ERROR - some <%rerror> 
2019-2-5 keff index.js - CRITICAL - critical 
2019-2-5 keff index.js - DEBUG - debug {
  "id": "0000"
}
2019-2-5 keff index.js - INFO - info 
2019-2-5 keff index.js - ERROR - some <%rerror> 
2019-2-5 keff index.js - CRITICAL - critical 
2019-2-5 keff index.js - DEBUG - debug {
  "id": "0000"
}
2019-2-5 keff index.js - INFO - info 
2019-2-5 keff index.js - ERROR - some <%rerror> 
2019-2-5 keff index.js - CRITICAL - critical 
2019-2-5 keff logger2 - DEBUG - asdasd 
2019-2-5 keff index.js - DEBUG - debug {
  "id": "0000"
}
2019-2-5 keff index.js - INFO - info 
2019-2-5 keff index.js - ERROR - some <%rerror> 
2019-2-5 keff index.js - CRITICAL - critical 
2019-2-5 keff logger2 - DEBUG - asdasd 
2019-2-5 keff index.js - DEBUG - debug {
  "id": "0000"
}
2019-2-5 keff index.js - INFO - info 
2019-2-5 keff index.js - ERROR - some <%rerror> 
2019-2-5 keff index.js - CRITICAL - critical 
2019-2-5 keff logger2 - DEBUG - asdasd 
2019-2-5 keff index.js - INFO - info 
